<?xml version="1.0" encoding="UTF-8"?>
<!-- Generated by org.testng.reporters.JUnitReportReporter -->
<testsuite hostname="LAPTOP-QLF97QS2" failures="0" tests="1" name="com.testscript.taskModule" time="0.014" errors="0" timestamp="08 Aug 2023 18:49:38 GMT" skipped="0">
  <testcase classname="com.testscript.taskModule" name="testTaskModule" time="0.014"/>
</testsuite> <!-- com.testscript.taskModule -->
